This is pdfTeX, Version 3.1415926-2.5-1.40.14 (TeX Live 2013/Debian) (format=pdflatex 2017.3.15)  30 JUN 2017 22:25
entering extended mode
 restricted \write18 enabled.
 %&-line parsing enabled.
**main.tex
(./main.tex
LaTeX2e <2011/06/27>
Babel <3.9h> and hyphenation patterns for 2 languages loaded.
(./IEEEtran.cls
Document Class: IEEEtran 2007/03/05 V1.7a by Michael Shell
-- See the "IEEEtran_HOWTO" manual for usage information.
-- http://www.michaelshell.org/tex/ieeetran/
\@IEEEtrantmpdimenA=\dimen102
\@IEEEtrantmpdimenB=\dimen103
\@IEEEtrantmpcountA=\count79
\@IEEEtrantmpcountB=\count80
\@IEEEtrantmptoksA=\toks14
LaTeX Font Info:    Try loading font information for OT1+ptm on input line 373.

(/usr/share/texlive/texmf-dist/tex/latex/psnfss/ot1ptm.fd
File: ot1ptm.fd 2001/06/04 font definitions for OT1/ptm.
)
-- Using 8.5in x 11in (letter) paper.
-- Using PDF output.
\@IEEEnormalsizeunitybaselineskip=\dimen104
-- This is a 10 point document.
\CLASSINFOnormalsizebaselineskip=\dimen105
\CLASSINFOnormalsizeunitybaselineskip=\dimen106
\IEEEnormaljot=\dimen107
LaTeX Font Info:    Font shape `OT1/ptm/bx/n' in size <5> not available
(Font)              Font shape `OT1/ptm/b/n' tried instead on input line 731.
LaTeX Font Info:    Font shape `OT1/ptm/bx/it' in size <5> not available
(Font)              Font shape `OT1/ptm/b/it' tried instead on input line 731.
LaTeX Font Info:    Font shape `OT1/ptm/bx/n' in size <7> not available
(Font)              Font shape `OT1/ptm/b/n' tried instead on input line 731.
LaTeX Font Info:    Font shape `OT1/ptm/bx/it' in size <7> not available
(Font)              Font shape `OT1/ptm/b/it' tried instead on input line 731.
LaTeX Font Info:    Font shape `OT1/ptm/bx/n' in size <8> not available
(Font)              Font shape `OT1/ptm/b/n' tried instead on input line 731.
LaTeX Font Info:    Font shape `OT1/ptm/bx/it' in size <8> not available
(Font)              Font shape `OT1/ptm/b/it' tried instead on input line 731.
LaTeX Font Info:    Font shape `OT1/ptm/bx/n' in size <9> not available
(Font)              Font shape `OT1/ptm/b/n' tried instead on input line 731.
LaTeX Font Info:    Font shape `OT1/ptm/bx/it' in size <9> not available
(Font)              Font shape `OT1/ptm/b/it' tried instead on input line 731.
LaTeX Font Info:    Font shape `OT1/ptm/bx/n' in size <10> not available
(Font)              Font shape `OT1/ptm/b/n' tried instead on input line 731.
LaTeX Font Info:    Font shape `OT1/ptm/bx/it' in size <10> not available
(Font)              Font shape `OT1/ptm/b/it' tried instead on input line 731.
LaTeX Font Info:    Font shape `OT1/ptm/bx/n' in size <11> not available
(Font)              Font shape `OT1/ptm/b/n' tried instead on input line 731.
LaTeX Font Info:    Font shape `OT1/ptm/bx/it' in size <11> not available
(Font)              Font shape `OT1/ptm/b/it' tried instead on input line 731.
LaTeX Font Info:    Font shape `OT1/ptm/bx/n' in size <12> not available
(Font)              Font shape `OT1/ptm/b/n' tried instead on input line 731.
LaTeX Font Info:    Font shape `OT1/ptm/bx/it' in size <12> not available
(Font)              Font shape `OT1/ptm/b/it' tried instead on input line 731.
LaTeX Font Info:    Font shape `OT1/ptm/bx/n' in size <17> not available
(Font)              Font shape `OT1/ptm/b/n' tried instead on input line 731.
LaTeX Font Info:    Font shape `OT1/ptm/bx/it' in size <17> not available
(Font)              Font shape `OT1/ptm/b/it' tried instead on input line 731.
LaTeX Font Info:    Font shape `OT1/ptm/bx/n' in size <20> not available
(Font)              Font shape `OT1/ptm/b/n' tried instead on input line 731.
LaTeX Font Info:    Font shape `OT1/ptm/bx/it' in size <20> not available
(Font)              Font shape `OT1/ptm/b/it' tried instead on input line 731.
LaTeX Font Info:    Font shape `OT1/ptm/bx/n' in size <24> not available
(Font)              Font shape `OT1/ptm/b/n' tried instead on input line 731.
LaTeX Font Info:    Font shape `OT1/ptm/bx/it' in size <24> not available
(Font)              Font shape `OT1/ptm/b/it' tried instead on input line 731.
\IEEEilabelindentA=\dimen108
\IEEEilabelindentB=\dimen109
\IEEEilabelindent=\dimen110
\IEEEelabelindent=\dimen111
\IEEEdlabelindent=\dimen112
\IEEElabelindent=\dimen113
\IEEEiednormlabelsep=\dimen114
\IEEEiedmathlabelsep=\dimen115
\IEEEiedtopsep=\skip41
\c@section=\count81
\c@subsection=\count82
\c@subsubsection=\count83
\c@paragraph=\count84
\c@IEEEsubequation=\count85
\abovecaptionskip=\skip42
\belowcaptionskip=\skip43
\c@figure=\count86
\c@table=\count87
\@IEEEeqnnumcols=\count88
\@IEEEeqncolcnt=\count89
\@IEEEtmpitemindent=\dimen116
\c@IEEEbiography=\count90
\@IEEEtranrubishbin=\box26
) (/usr/share/texlive/texmf-dist/tex/latex/graphics/graphicx.sty
Package: graphicx 1999/02/16 v1.0f Enhanced LaTeX Graphics (DPC,SPQR)

(/usr/share/texlive/texmf-dist/tex/latex/graphics/keyval.sty
Package: keyval 1999/03/16 v1.13 key=value parser (DPC)
\KV@toks@=\toks15
)
(/usr/share/texlive/texmf-dist/tex/latex/graphics/graphics.sty
Package: graphics 2009/02/05 v1.0o Standard LaTeX Graphics (DPC,SPQR)

(/usr/share/texlive/texmf-dist/tex/latex/graphics/trig.sty
Package: trig 1999/03/16 v1.09 sin cos tan (DPC)
)
(/usr/share/texlive/texmf-dist/tex/latex/latexconfig/graphics.cfg
File: graphics.cfg 2010/04/23 v1.9 graphics configuration of TeX Live
)
Package graphics Info: Driver file: pdftex.def on input line 91.

(/usr/share/texlive/texmf-dist/tex/latex/pdftex-def/pdftex.def
File: pdftex.def 2011/05/27 v0.06d Graphics/color for pdfTeX

(/usr/share/texlive/texmf-dist/tex/generic/oberdiek/infwarerr.sty
Package: infwarerr 2010/04/08 v1.3 Providing info/warning/error messages (HO)
)
(/usr/share/texlive/texmf-dist/tex/generic/oberdiek/ltxcmds.sty
Package: ltxcmds 2011/11/09 v1.22 LaTeX kernel commands for general use (HO)
)
\Gread@gobject=\count91
))
\Gin@req@height=\dimen117
\Gin@req@width=\dimen118
)
(/usr/share/texlive/texmf-dist/tex/latex/amsmath/amsmath.sty
Package: amsmath 2013/01/14 v2.14 AMS math features
\@mathmargin=\skip44

For additional information on amsmath, use the `?' option.
(/usr/share/texlive/texmf-dist/tex/latex/amsmath/amstext.sty
Package: amstext 2000/06/29 v2.01

(/usr/share/texlive/texmf-dist/tex/latex/amsmath/amsgen.sty
File: amsgen.sty 1999/11/30 v2.0
\@emptytoks=\toks16
\ex@=\dimen119
))
(/usr/share/texlive/texmf-dist/tex/latex/amsmath/amsbsy.sty
Package: amsbsy 1999/11/29 v1.2d
\pmbraise@=\dimen120
)
(/usr/share/texlive/texmf-dist/tex/latex/amsmath/amsopn.sty
Package: amsopn 1999/12/14 v2.01 operator names
)
\inf@bad=\count92
LaTeX Info: Redefining \frac on input line 210.
\uproot@=\count93
\leftroot@=\count94
LaTeX Info: Redefining \overline on input line 306.
\classnum@=\count95
\DOTSCASE@=\count96
LaTeX Info: Redefining \ldots on input line 378.
LaTeX Info: Redefining \dots on input line 381.
LaTeX Info: Redefining \cdots on input line 466.
\Mathstrutbox@=\box27
\strutbox@=\box28
\big@size=\dimen121
LaTeX Font Info:    Redeclaring font encoding OML on input line 566.
LaTeX Font Info:    Redeclaring font encoding OMS on input line 567.
\macc@depth=\count97
\c@MaxMatrixCols=\count98
\dotsspace@=\muskip10
\c@parentequation=\count99
\dspbrk@lvl=\count100
\tag@help=\toks17
\row@=\count101
\column@=\count102
\maxfields@=\count103
\andhelp@=\toks18
\eqnshift@=\dimen122
\alignsep@=\dimen123
\tagshift@=\dimen124
\tagwidth@=\dimen125
\totwidth@=\dimen126
\lineht@=\dimen127
\@envbody=\toks19
\multlinegap=\skip45
\multlinetaggap=\skip46
\mathdisplay@stack=\toks20
LaTeX Info: Redefining \[ on input line 2665.
LaTeX Info: Redefining \] on input line 2666.
)
(/usr/share/texlive/texmf-dist/tex/latex/amsfonts/amssymb.sty
Package: amssymb 2013/01/14 v3.01 AMS font symbols

(/usr/share/texlive/texmf-dist/tex/latex/amsfonts/amsfonts.sty
Package: amsfonts 2013/01/14 v3.01 Basic AMSFonts support
\symAMSa=\mathgroup4
\symAMSb=\mathgroup5
LaTeX Font Info:    Overwriting math alphabet `\mathfrak' in version `bold'
(Font)                  U/euf/m/n --> U/euf/b/n on input line 106.
))
(/usr/share/texmf/tex/latex/xcolor/xcolor.sty
Package: xcolor 2007/01/21 v2.11 LaTeX color extensions (UK)

(/usr/share/texlive/texmf-dist/tex/latex/latexconfig/color.cfg
File: color.cfg 2007/01/18 v1.5 color configuration of teTeX/TeXLive
)
Package xcolor Info: Driver file: pdftex.def on input line 225.
Package xcolor Info: Model `cmy' substituted by `cmy0' on input line 1337.
Package xcolor Info: Model `hsb' substituted by `rgb' on input line 1341.
Package xcolor Info: Model `RGB' extended on input line 1353.
Package xcolor Info: Model `HTML' substituted by `rgb' on input line 1355.
Package xcolor Info: Model `Hsb' substituted by `hsb' on input line 1356.
Package xcolor Info: Model `tHsb' substituted by `hsb' on input line 1357.
Package xcolor Info: Model `HSB' substituted by `hsb' on input line 1358.
Package xcolor Info: Model `Gray' substituted by `gray' on input line 1359.
Package xcolor Info: Model `wave' substituted by `hsb' on input line 1360.
)
(/usr/share/texlive/texmf-dist/tex/latex/url/url.sty
\Urlmuskip=\muskip11
Package: url 2013/09/16  ver 3.4  Verb mode for urls, etc.
)
(/usr/share/texlive/texmf-dist/tex/latex/algorithm2e/algorithm2e.sty
Package: algorithm2e 2013/01/06 v5.00 algorithms environments
\c@AlgoLine=\count104

(/usr/share/texlive/texmf-dist/tex/latex/base/ifthen.sty
Package: ifthen 2001/05/26 v1.1c Standard LaTeX ifthen package (DPC)
)
(/usr/share/texlive/texmf-dist/tex/latex/tools/xspace.sty
Package: xspace 2009/10/20 v1.13 Space after command names (DPC,MH)
)
(/usr/share/texlive/texmf-dist/tex/latex/relsize/relsize.sty
Package: relsize 2013/03/29 ver 4.1
)
********************************************************
Package `algorithm2e' Release 5.0 -- january 06 2013 --
- algorithm2e-announce@lirmm.fr mailing list for announcement about releases
- algorithm2e-discussion@lirmm.fr mailing list for discussion about package
subscribe by emailing sympa@lirmm.fr with 'subscribe <list> <firstname name>'
- Author: Christophe Fiorio (cfiorio@um2.fr)
********************************************************
\skiptotal=\skip47
\skiplinenumber=\skip48
\skiprule=\skip49
\skiphlne=\skip50
\skiptext=\skip51
\skiplength=\skip52
\algomargin=\skip53
\skipalgocfslide=\skip54
\algowidth=\dimen128
\inoutsize=\dimen129
\inoutindent=\dimen130
\interspacetitleruled=\dimen131
\interspacealgoruled=\dimen132
\interspacetitleboxruled=\dimen133
\algocf@inoutbox=\box29
\algocf@inputbox=\box30
\AlCapSkip=\skip55
\AlCapHSkip=\skip56
\algoskipindent=\skip57
\algocf@nlbox=\box31
\algocf@hangingbox=\box32
\algocf@untilbox=\box33
\algocf@skipuntil=\skip58
\algocf@capbox=\box34
\algoheightruledefault=\skip59
\algoheightrule=\skip60
\algotitleheightruledefault=\skip61
\algotitleheightrule=\skip62
\c@algocfline=\count105
\c@algocfproc=\count106
\c@algocf=\count107
\algocf@algoframe=\box35
\algocf@algobox=\box36
) (/usr/share/texlive/texmf-dist/tex/latex/algorithms/algorithmic.sty
Package: algorithmic 2009/08/24 v0.1 Document Style `algorithmic'
\c@ALC@unique=\count108
\c@ALC@line=\count109
\c@ALC@rem=\count110
\c@ALC@depth=\count111
\ALC@tlm=\skip63
\algorithmicindent=\skip64
)
\c@lemma=\count112
\c@theorem=\count113
\c@property=\count114
\c@corollary=\count115
\c@definition=\count116
\c@example=\count117

(./main.aux)
\openout1 = `main.aux'.

LaTeX Font Info:    Checking defaults for OML/cmm/m/it on input line 18.
LaTeX Font Info:    ... okay on input line 18.
LaTeX Font Info:    Checking defaults for T1/cmr/m/n on input line 18.
LaTeX Font Info:    ... okay on input line 18.
LaTeX Font Info:    Checking defaults for OT1/cmr/m/n on input line 18.
LaTeX Font Info:    ... okay on input line 18.
LaTeX Font Info:    Checking defaults for OMS/cmsy/m/n on input line 18.
LaTeX Font Info:    ... okay on input line 18.
LaTeX Font Info:    Checking defaults for OMX/cmex/m/n on input line 18.
LaTeX Font Info:    ... okay on input line 18.
LaTeX Font Info:    Checking defaults for U/cmr/m/n on input line 18.
LaTeX Font Info:    ... okay on input line 18.
 (/usr/share/texlive/texmf-dist/tex/context/base/supp-pdf.mkii
[Loading MPS to PDF converter (version 2006.09.02).]
\scratchcounter=\count118
\scratchdimen=\dimen134
\scratchbox=\box37
\nofMPsegments=\count119
\nofMParguments=\count120
\everyMPshowfont=\toks21
\MPscratchCnt=\count121
\MPscratchDim=\dimen135
\MPnumerator=\count122
\makeMPintoPDFobject=\count123
\everyMPtoPDFconversion=\toks22
) (/usr/share/texlive/texmf-dist/tex/generic/oberdiek/pdftexcmds.sty
Package: pdftexcmds 2011/11/29 v0.20 Utility functions of pdfTeX for LuaTeX (HO
)

(/usr/share/texlive/texmf-dist/tex/generic/oberdiek/ifluatex.sty
Package: ifluatex 2010/03/01 v1.3 Provides the ifluatex switch (HO)
Package ifluatex Info: LuaTeX not detected.
)
(/usr/share/texlive/texmf-dist/tex/generic/oberdiek/ifpdf.sty
Package: ifpdf 2011/01/30 v2.3 Provides the ifpdf switch (HO)
Package ifpdf Info: pdfTeX in PDF mode is detected.
)
Package pdftexcmds Info: LuaTeX not detected.
Package pdftexcmds Info: \pdf@primitive is available.
Package pdftexcmds Info: \pdf@ifprimitive is available.
Package pdftexcmds Info: \pdfdraftmode found.
)
(/usr/share/texlive/texmf-dist/tex/latex/oberdiek/epstopdf-base.sty
Package: epstopdf-base 2010/02/09 v2.5 Base part for package epstopdf

(/usr/share/texlive/texmf-dist/tex/latex/oberdiek/grfext.sty
Package: grfext 2010/08/19 v1.1 Manage graphics extensions (HO)

(/usr/share/texlive/texmf-dist/tex/generic/oberdiek/kvdefinekeys.sty
Package: kvdefinekeys 2011/04/07 v1.3 Define keys (HO)
))
(/usr/share/texlive/texmf-dist/tex/latex/oberdiek/kvoptions.sty
Package: kvoptions 2011/06/30 v3.11 Key value format for package options (HO)

(/usr/share/texlive/texmf-dist/tex/generic/oberdiek/kvsetkeys.sty
Package: kvsetkeys 2012/04/25 v1.16 Key value parser (HO)

(/usr/share/texlive/texmf-dist/tex/generic/oberdiek/etexcmds.sty
Package: etexcmds 2011/02/16 v1.5 Avoid name clashes with e-TeX commands (HO)
Package etexcmds Info: Could not find \expanded.
(etexcmds)             That can mean that you are not using pdfTeX 1.50 or
(etexcmds)             that some package has redefined \expanded.
(etexcmds)             In the latter case, load this package earlier.
)))
Package grfext Info: Graphics extension search list:
(grfext)             [.png,.pdf,.jpg,.mps,.jpeg,.jbig2,.jb2,.PNG,.PDF,.JPG,.JPE
G,.JBIG2,.JB2,.eps]
(grfext)             \AppendGraphicsExtensions on input line 452.

(/usr/share/texlive/texmf-dist/tex/latex/latexconfig/epstopdf-sys.cfg
File: epstopdf-sys.cfg 2010/07/13 v1.3 Configuration of (r)epstopdf for TeX Liv
e
))

LaTeX Warning: No \author given.


LaTeX Warning: No \author given.

(./abstract.tex
LaTeX Font Info:    Try loading font information for U+msa on input line 23.
 (/usr/share/texlive/texmf-dist/tex/latex/amsfonts/umsa.fd
File: umsa.fd 2013/01/14 v3.01 AMS symbols A
)
LaTeX Font Info:    Try loading font information for U+msb on input line 23.

(/usr/share/texlive/texmf-dist/tex/latex/amsfonts/umsb.fd
File: umsb.fd 2013/01/14 v3.01 AMS symbols B
)) (./introduction.tex [1{/var/lib/texmf/fonts/map/pdftex/updmap/pdftex.map}


]

LaTeX Warning: Reference `sec6' on page 2 undefined on input line 50.

) (./RelatedWork.tex) (./background.tex
Underfull \hbox (badness 10000) in paragraph at lines 2--5

 []


Underfull \hbox (badness 10000) in paragraph at lines 6--17

 []

<example_1.pdf, id=11, 175.2116pt x 46.39232pt>
File: example_1.pdf Graphic file (type pdf)
 <use example_1.pdf>
Package pdftex.def Info: example_1.pdf used on input line 27.
(pdftex.def)             Requested size: 142.26378pt x 37.66957pt.

<product.pdf, id=12, 88.60704pt x 61.52586pt>
File: product.pdf Graphic file (type pdf)
 <use product.pdf>
Package pdftex.def Info: product.pdf used on input line 51.
(pdftex.def)             Requested size: 142.26378pt x 98.79732pt.
 [2 <./example_1.pdf>] <state_copy.pdf, id=39, 96.7615pt x 36.5365pt>
File: state_copy.pdf Graphic file (type pdf)
 <use state_copy.pdf>
Package pdftex.def Info: state_copy.pdf used on input line 74.
(pdftex.def)             Requested size: 142.26378pt x 53.72359pt.

<state_copy_transition.pdf, id=40, 120.8515pt x 76.48575pt>
File: state_copy_transition.pdf Graphic file (type pdf)

<use state_copy_transition.pdf>
Package pdftex.def Info: state_copy_transition.pdf used on input line 103.
(pdftex.def)             Requested size: 142.26378pt x 90.04228pt.
) (./Problem_statement.tex
<original.pdf, id=41, 99.72758pt x 87.78697pt>
File: original.pdf Graphic file (type pdf)
 <use original.pdf>
Package pdftex.def Info: original.pdf used on input line 26.
(pdftex.def)             Requested size: 142.26378pt x 125.2397pt.
Package epstopdf Info: Source file: <graph.eps>
(epstopdf)                    date: 2017-06-29 23:21:24
(epstopdf)                    size: 37839 bytes
(epstopdf)             Output file: <graph-eps-converted-to.pdf>
(epstopdf)                    date: 2017-06-30 00:04:53
(epstopdf)                    size: 12345 bytes
(epstopdf)             Command: <repstopdf --outfile=graph-eps-converted-to.pdf
 graph.eps>
(epstopdf)             \includegraphics on input line 42.
Package epstopdf Info: Output file is already uptodate.

<graph-eps-converted-to.pdf, id=42, 905.3825pt x 1778.645pt>
File: graph-eps-converted-to.pdf Graphic file (type pdf)

<use graph-eps-converted-to.pdf>
Package pdftex.def Info: graph-eps-converted-to.pdf used on input line 42.
(pdftex.def)             Requested size: 213.39566pt x 419.20293pt.

<replaced.pdf, id=43, 99.72758pt x 87.78697pt>
File: replaced.pdf Graphic file (type pdf)
 <use replaced.pdf>
Package pdftex.def Info: replaced.pdf used on input line 54.
(pdftex.def)             Requested size: 142.26378pt x 125.2397pt.
Package epstopdf Info: Source file: <graph_replaced.eps>
(epstopdf)                    date: 2017-06-29 23:34:31
(epstopdf)                    size: 17661 bytes
(epstopdf)             Output file: <graph_replaced-eps-converted-to.pdf>
(epstopdf)                    date: 2017-06-30 00:04:54
(epstopdf)                    size: 7082 bytes
(epstopdf)             Command: <repstopdf --outfile=graph_replaced-eps-convert
ed-to.pdf graph_replaced.eps>
(epstopdf)             \includegraphics on input line 68.
Package epstopdf Info: Output file is already uptodate.

<graph_replaced-eps-converted-to.pdf, id=44, 369.38pt x 839.135pt>
File: graph_replaced-eps-converted-to.pdf Graphic file (type pdf)

<use graph_replaced-eps-converted-to.pdf>
Package pdftex.def Info: graph_replaced-eps-converted-to.pdf used on input line
 68.
(pdftex.def)             Requested size: 142.26378pt x 323.1896pt.
) (./solution.tex
Underfull \hbox (badness 10000) in paragraph at lines 50--2

 []

[3 <./product.pdf> <./state_copy.pdf> <./state_copy_transition.pdf> <./original
.pdf>]
Overfull \hbox (10.0pt too wide) detected at line 35
[][] 
 []

) (./Example.tex [4 <./graph-eps-converted-to.pdf> <./replaced.pdf> <./graph_re
placed-eps-converted-to.pdf>]
<Automaton_original.pdf, id=102, 124.52321pt x 168.08698pt>
File: Automaton_original.pdf Graphic file (type pdf)

<use Automaton_original.pdf>
Package pdftex.def Info: Automaton_original.pdf used on input line 8.
(pdftex.def)             Requested size: 142.26378pt x 192.04431pt.


LaTeX Warning: File `graph_original.eps' not found on input line 19.

Package epstopdf Info: Source file: <graph_original.eps>
(epstopdf)             Output file: <graph_original-eps-converted-to.pdf>
(epstopdf)                    date: 2017-06-30 14:10:21
(epstopdf)                    size: 20479 bytes
(epstopdf)             Command: <repstopdf --outfile=graph_original-eps-convert
ed-to.pdf graph_original.eps>
(epstopdf)             \includegraphics on input line 19.
Package epstopdf Info: Output file is already uptodate.
<graph_original-eps-converted-to.pdf, id=103, 2177.13374pt x 1995.455pt>
File: graph_original-eps-converted-to.pdf Graphic file (type pdf)

<use graph_original-eps-converted-to.pdf>
Package pdftex.def Info: graph_original-eps-converted-to.pdf used on input line
 19.
(pdftex.def)             Requested size: 142.26378pt x 130.37898pt.

<graph_after_p_replacement.pdf, id=104, 124.52321pt x 168.08698pt>
File: graph_after_p_replacement.pdf Graphic file (type pdf)

<use graph_after_p_replacement.pdf>
Package pdftex.def Info: graph_after_p_replacement.pdf used on input line 33.
(pdftex.def)             Requested size: 142.26378pt x 192.04431pt.
Package epstopdf Info: Source file: <graph_p_replaced.eps>
(epstopdf)                    date: 2017-06-30 13:16:46
(epstopdf)                    size: 36620 bytes
(epstopdf)             Output file: <graph_p_replaced-eps-converted-to.pdf>
(epstopdf)                    date: 2017-06-30 14:10:22
(epstopdf)                    size: 10745 bytes
(epstopdf)             Command: <repstopdf --outfile=graph_p_replaced-eps-conve
rted-to.pdf graph_p_replaced.eps>
(epstopdf)             \includegraphics on input line 45.
Package epstopdf Info: Output file is already uptodate.

<graph_p_replaced-eps-converted-to.pdf, id=105, 1035.87pt x 1055.945pt>
File: graph_p_replaced-eps-converted-to.pdf Graphic file (type pdf)

<use graph_p_replaced-eps-converted-to.pdf>
Package pdftex.def Info: graph_p_replaced-eps-converted-to.pdf used on input li
ne 45.
(pdftex.def)             Requested size: 142.26378pt x 145.01161pt.

<graph_after_q_replacement.pdf, id=106, 124.52321pt x 168.08698pt>
File: graph_after_q_replacement.pdf Graphic file (type pdf)

<use graph_after_q_replacement.pdf>
Package pdftex.def Info: graph_after_q_replacement.pdf used on input line 56.
(pdftex.def)             Requested size: 142.26378pt x 192.04431pt.
Package epstopdf Info: Source file: <graph_q_replaced.eps>
(epstopdf)                    date: 2017-06-30 13:20:22
(epstopdf)                    size: 47308 bytes
(epstopdf)             Output file: <graph_q_replaced-eps-converted-to.pdf>
(epstopdf)                    date: 2017-06-30 14:10:22
(epstopdf)                    size: 14155 bytes
(epstopdf)             Command: <repstopdf --outfile=graph_q_replaced-eps-conve
rted-to.pdf graph_q_replaced.eps>
(epstopdf)             \includegraphics on input line 69.
Package epstopdf Info: Output file is already uptodate.

<graph_q_replaced-eps-converted-to.pdf, id=107, 869.2475pt x 2067.725pt>
File: graph_q_replaced-eps-converted-to.pdf Graphic file (type pdf)

<use graph_q_replaced-eps-converted-to.pdf>
Package pdftex.def Info: graph_q_replaced-eps-converted-to.pdf used on input li
ne 69.
(pdftex.def)             Requested size: 142.26378pt x 338.38342pt.

<graph_after_r_replacement.pdf, id=108, 124.52321pt x 172.10197pt>
File: graph_after_r_replacement.pdf Graphic file (type pdf)

<use graph_after_r_replacement.pdf>
Package pdftex.def Info: graph_after_r_replacement.pdf used on input line 81.
(pdftex.def)             Requested size: 142.26378pt x 196.63158pt.
Package epstopdf Info: Source file: <graph_r_replaced.eps>
(epstopdf)                    date: 2017-06-30 13:26:59
(epstopdf)                    size: 20012 bytes
(epstopdf)             Output file: <graph_r_replaced-eps-converted-to.pdf>
(epstopdf)                    date: 2017-06-30 14:10:22
(epstopdf)                    size: 7484 bytes
(epstopdf)             Command: <repstopdf --outfile=graph_r_replaced-eps-conve
rted-to.pdf graph_r_replaced.eps>
(epstopdf)             \includegraphics on input line 93.
Package epstopdf Info: Output file is already uptodate.

<graph_r_replaced-eps-converted-to.pdf, id=109, 544.0325pt x 766.865pt>
File: graph_r_replaced-eps-converted-to.pdf Graphic file (type pdf)

<use graph_r_replaced-eps-converted-to.pdf>
Package pdftex.def Info: graph_r_replaced-eps-converted-to.pdf used on input li
ne 93.
(pdftex.def)             Requested size: 142.26378pt x 200.53864pt.
 [5 <./Automaton_original.pdf> <./graph_original-eps-converted-to.pdf> <./graph
_after_p_replacement.pdf> <./graph_p_replaced-eps-converted-to.pdf>]) (./conclu
sion.tex) (./main.bbl [6 <./graph_after_q_replacement.pdf> <./graph_q_replaced-
eps-converted-to.pdf> <./graph_after_r_replacement.pdf> <./graph_r_replaced-eps
-converted-to.pdf>])

** Conference Paper **
Before submitting the final camera ready copy, remember to:

 1. Manually equalize the lengths of two columns on the last page
 of your paper;

 2. Ensure that any PostScript and/or PDF output post-processing
 uses only Type 1 fonts and that every step in the generation
 process uses the appropriate paper size.

[7

] (./main.aux)

LaTeX Warning: There were undefined references.

 ) 
Here is how much of TeX's memory you used:
 5341 strings out of 495028
 75612 string characters out of 6181497
 166388 words of memory out of 5000000
 8441 multiletter control sequences out of 15000+600000
 41023 words of font info for 90 fonts, out of 8000000 for 9000
 14 hyphenation exceptions out of 8191
 38i,9n,35p,683b,431s stack positions out of 5000i,500n,10000p,200000b,80000s
{/usr/share/texlive/texmf-dist/fonts/enc/dvips/base/8r.enc}</usr/share/texliv
e/texmf-dist/fonts/type1/public/amsfonts/cm/cmex10.pfb></usr/share/texlive/texm
f-dist/fonts/type1/public/amsfonts/cm/cmmi10.pfb></usr/share/texlive/texmf-dist
/fonts/type1/public/amsfonts/cm/cmmi5.pfb></usr/share/texlive/texmf-dist/fonts/
type1/public/amsfonts/cm/cmmi7.pfb></usr/share/texlive/texmf-dist/fonts/type1/p
ublic/amsfonts/cm/cmmi8.pfb></usr/share/texlive/texmf-dist/fonts/type1/public/a
msfonts/cm/cmmi9.pfb></usr/share/texlive/texmf-dist/fonts/type1/public/amsfonts
/cm/cmr10.pfb></usr/share/texlive/texmf-dist/fonts/type1/public/amsfonts/cm/cmr
5.pfb></usr/share/texlive/texmf-dist/fonts/type1/public/amsfonts/cm/cmr7.pfb></
usr/share/texlive/texmf-dist/fonts/type1/public/amsfonts/cm/cmsy10.pfb></usr/sh
are/texlive/texmf-dist/fonts/type1/public/amsfonts/symbols/msbm10.pfb></usr/sha
re/texlive/texmf-dist/fonts/type1/urw/times/utmb8a.pfb></usr/share/texlive/texm
f-dist/fonts/type1/urw/times/utmbi8a.pfb></usr/share/texlive/texmf-dist/fonts/t
ype1/urw/times/utmr8a.pfb></usr/share/texlive/texmf-dist/fonts/type1/urw/times/
utmri8a.pfb>
Output written on main.pdf (7 pages, 246339 bytes).
PDF statistics:
 221 PDF objects out of 1000 (max. 8388607)
 153 compressed objects within 2 object streams
 0 named destinations out of 1000 (max. 500000)
 81 words of extra memory for PDF output out of 10000 (max. 10000000)

